This is pdfTeX, Version 3.141592653-2.6-1.40.28 (TeX Live 2025) (preloaded format=pdflatex 2025.6.12)  12 AUG 2025 20:47
entering extended mode
 restricted \write18 enabled.
 %&-line parsing enabled.
**main2.tex
(./main2.tex
LaTeX2e <2025-06-01> patch level 1
L3 programming layer <2025-05-26>
(c:/texlive/2025/texmf-dist/tex/latex/base/article.cls
Document Class: article 2025/01/22 v1.4n Standard LaTeX document class
(c:/texlive/2025/texmf-dist/tex/latex/base/size12.clo
File: size12.clo 2025/01/22 v1.4n Standard LaTeX file (size option)
)
\c@part=\count275
\c@section=\count276
\c@subsection=\count277
\c@subsubsection=\count278
\c@paragraph=\count279
\c@subparagraph=\count280
\c@figure=\count281
\c@table=\count282
\abovecaptionskip=\skip49
\belowcaptionskip=\skip50
\bibindent=\dimen148
)
(c:/texlive/2025/texmf-dist/tex/latex/base/inputenc.sty
Package: inputenc 2024/02/08 v1.3d Input encoding file
\inpenc@prehook=\toks17
\inpenc@posthook=\toks18
)
(c:/texlive/2025/texmf-dist/tex/generic/babel/babel.sty
Package: babel 2025/06/10 v25.10 The multilingual framework for pdfLaTeX, LuaLa
TeX and XeLaTeX
\babel@savecnt=\count283
LaTeX Encoding Info:    Redeclaring text command \ij (encoding OT1) on input li
ne 2043.
LaTeX Encoding Info:    Redeclaring text command \IJ (encoding OT1) on input li
ne 2045.
LaTeX Encoding Info:    Redeclaring text command \ij (encoding T1) on input lin
e 2047.
LaTeX Encoding Info:    Redeclaring text command \IJ (encoding T1) on input lin
e 2048.
LaTeX Encoding Info:    Ignoring declaration for text command \ij (encoding ?) 
on input line 2049.
LaTeX Encoding Info:    Ignoring declaration for text command \IJ (encoding ?) 
on input line 2051.
LaTeX Encoding Info:    Ignoring declaration for text command \SS (encoding ?) 
on input line 2076.
\U@D=\dimen149
\l@unhyphenated=\language90

(c:/texlive/2025/texmf-dist/tex/generic/babel/txtbabel.def)
\bbl@readstream=\read2
\bbl@dirlevel=\count284

(c:/texlive/2025/texmf-dist/tex/generic/babel-portuges/portuguese.ldf
Language: portuges 2021/07/09 v1.2t Portuguese support from the babel system

(c:/texlive/2025/texmf-dist/tex/generic/babel/locale/pt/babel-portuguese.tex
Package babel Info: Importing font and identification data for portuguese
(babel)             from babel-pt.ini. Reported on input line 11.
)
Package babel Info: Making " an active character on input line 143.
)) (c:/texlive/2025/texmf-dist/tex/latex/psnfss/mathptmx.sty
Package: mathptmx 2020/03/25 PSNFSS-v9.3 Times w/ Math, improved (SPQR, WaS) 
LaTeX Font Info:    Redeclaring symbol font `operators' on input line 28.
LaTeX Font Info:    Overwriting symbol font `operators' in version `normal'
(Font)                  OT1/cmr/m/n --> OT1/ztmcm/m/n on input line 28.
LaTeX Font Info:    Overwriting symbol font `operators' in version `bold'
(Font)                  OT1/cmr/bx/n --> OT1/ztmcm/m/n on input line 28.
LaTeX Font Info:    Redeclaring symbol font `letters' on input line 29.
LaTeX Font Info:    Overwriting symbol font `letters' in version `normal'
(Font)                  OML/cmm/m/it --> OML/ztmcm/m/it on input line 29.
LaTeX Font Info:    Overwriting symbol font `letters' in version `bold'
(Font)                  OML/cmm/b/it --> OML/ztmcm/m/it on input line 29.
LaTeX Font Info:    Redeclaring symbol font `symbols' on input line 30.
LaTeX Font Info:    Overwriting symbol font `symbols' in version `normal'
(Font)                  OMS/cmsy/m/n --> OMS/ztmcm/m/n on input line 30.
LaTeX Font Info:    Overwriting symbol font `symbols' in version `bold'
(Font)                  OMS/cmsy/b/n --> OMS/ztmcm/m/n on input line 30.
LaTeX Font Info:    Redeclaring symbol font `largesymbols' on input line 31.
LaTeX Font Info:    Overwriting symbol font `largesymbols' in version `normal'
(Font)                  OMX/cmex/m/n --> OMX/ztmcm/m/n on input line 31.
LaTeX Font Info:    Overwriting symbol font `largesymbols' in version `bold'
(Font)                  OMX/cmex/m/n --> OMX/ztmcm/m/n on input line 31.
\symbold=\mathgroup4
\symitalic=\mathgroup5
LaTeX Font Info:    Redeclaring math alphabet \mathbf on input line 34.
LaTeX Font Info:    Overwriting math alphabet `\mathbf' in version `normal'
(Font)                  OT1/cmr/bx/n --> OT1/ptm/bx/n on input line 34.
LaTeX Font Info:    Overwriting math alphabet `\mathbf' in version `bold'
(Font)                  OT1/cmr/bx/n --> OT1/ptm/bx/n on input line 34.
LaTeX Font Info:    Redeclaring math alphabet \mathit on input line 35.
LaTeX Font Info:    Overwriting math alphabet `\mathit' in version `normal'
(Font)                  OT1/cmr/m/it --> OT1/ptm/m/it on input line 35.
LaTeX Font Info:    Overwriting math alphabet `\mathit' in version `bold'
(Font)                  OT1/cmr/bx/it --> OT1/ptm/m/it on input line 35.
LaTeX Info: Redefining \hbar on input line 50.
)
(c:/texlive/2025/texmf-dist/tex/latex/enumitem/enumitem.sty
Package: enumitem 2025/02/06 v3.11 Customized lists
\enitkv@toks@=\toks19
\labelindent=\skip51
\enit@outerparindent=\dimen150
\enit@toks=\toks20
\enit@inbox=\box53
\enit@count@id=\count285
\enitdp@description=\count286
)
(c:/texlive/2025/texmf-dist/tex/latex/amsmath/amsmath.sty
Package: amsmath 2025/05/18 v2.17x AMS math features
\@mathmargin=\skip52

For additional information on amsmath, use the `?' option.
(c:/texlive/2025/texmf-dist/tex/latex/amsmath/amstext.sty
Package: amstext 2024/11/17 v2.01 AMS text

(c:/texlive/2025/texmf-dist/tex/latex/amsmath/amsgen.sty
File: amsgen.sty 1999/11/30 v2.0 generic functions
\@emptytoks=\toks21
\ex@=\dimen151
))
(c:/texlive/2025/texmf-dist/tex/latex/amsmath/amsbsy.sty
Package: amsbsy 1999/11/29 v1.2d Bold Symbols
\pmbraise@=\dimen152
)
(c:/texlive/2025/texmf-dist/tex/latex/amsmath/amsopn.sty
Package: amsopn 2022/04/08 v2.04 operator names
)
\inf@bad=\count287
LaTeX Info: Redefining \frac on input line 233.
\uproot@=\count288
\leftroot@=\count289
LaTeX Info: Redefining \overline on input line 398.
LaTeX Info: Redefining \colon on input line 409.
\classnum@=\count290
\DOTSCASE@=\count291
LaTeX Info: Redefining \ldots on input line 495.
LaTeX Info: Redefining \dots on input line 498.
LaTeX Info: Redefining \cdots on input line 619.
\Mathstrutbox@=\box54
\strutbox@=\box55
LaTeX Info: Redefining \big on input line 721.
LaTeX Info: Redefining \Big on input line 722.
LaTeX Info: Redefining \bigg on input line 723.
LaTeX Info: Redefining \Bigg on input line 724.
\big@size=\dimen153
LaTeX Font Info:    Redeclaring font encoding OML on input line 742.
LaTeX Font Info:    Redeclaring font encoding OMS on input line 743.
\macc@depth=\count292
LaTeX Info: Redefining \bmod on input line 904.
LaTeX Info: Redefining \pmod on input line 909.
LaTeX Info: Redefining \smash on input line 939.
LaTeX Info: Redefining \relbar on input line 969.
LaTeX Info: Redefining \Relbar on input line 970.
\c@MaxMatrixCols=\count293
\dotsspace@=\muskip17
\c@parentequation=\count294
\dspbrk@lvl=\count295
\tag@help=\toks22
\row@=\count296
\column@=\count297
\maxfields@=\count298
\andhelp@=\toks23
\eqnshift@=\dimen154
\alignsep@=\dimen155
\tagshift@=\dimen156
\tagwidth@=\dimen157
\totwidth@=\dimen158
\lineht@=\dimen159
\@envbody=\toks24
\multlinegap=\skip53
\multlinetaggap=\skip54
\mathdisplay@stack=\toks25
LaTeX Info: Redefining \[ on input line 2949.
LaTeX Info: Redefining \] on input line 2950.
)
(c:/texlive/2025/texmf-dist/tex/latex/geometry/geometry.sty
Package: geometry 2020/01/02 v5.9 Page Geometry

(c:/texlive/2025/texmf-dist/tex/latex/graphics/keyval.sty
Package: keyval 2022/05/29 v1.15 key=value parser (DPC)
\KV@toks@=\toks26
)
(c:/texlive/2025/texmf-dist/tex/generic/iftex/ifvtex.sty
Package: ifvtex 2019/10/25 v1.7 ifvtex legacy package. Use iftex instead.

(c:/texlive/2025/texmf-dist/tex/generic/iftex/iftex.sty
Package: iftex 2024/12/12 v1.0g TeX engine tests
))
\Gm@cnth=\count299
\Gm@cntv=\count300
\c@Gm@tempcnt=\count301
\Gm@bindingoffset=\dimen160
\Gm@wd@mp=\dimen161
\Gm@odd@mp=\dimen162
\Gm@even@mp=\dimen163
\Gm@layoutwidth=\dimen164
\Gm@layoutheight=\dimen165
\Gm@layouthoffset=\dimen166
\Gm@layoutvoffset=\dimen167
\Gm@dimlist=\toks27
)
(c:/texlive/2025/texmf-dist/tex/latex/graphics/graphicx.sty
Package: graphicx 2024/12/31 v1.2e Enhanced LaTeX Graphics (DPC,SPQR)

(c:/texlive/2025/texmf-dist/tex/latex/graphics/graphics.sty
Package: graphics 2024/08/06 v1.4g Standard LaTeX Graphics (DPC,SPQR)

(c:/texlive/2025/texmf-dist/tex/latex/graphics/trig.sty
Package: trig 2023/12/02 v1.11 sin cos tan (DPC)
)
(c:/texlive/2025/texmf-dist/tex/latex/graphics-cfg/graphics.cfg
File: graphics.cfg 2016/06/04 v1.11 sample graphics configuration
)
Package graphics Info: Driver file: pdftex.def on input line 106.

(c:/texlive/2025/texmf-dist/tex/latex/graphics-def/pdftex.def
File: pdftex.def 2024/04/13 v1.2c Graphics/color driver for pdftex
))
\Gin@req@height=\dimen168
\Gin@req@width=\dimen169
)
(c:/texlive/2025/texmf-dist/tex/latex/titlesec/titlesec.sty
Package: titlesec 2025/01/04 v2.17 Sectioning titles
\ttl@box=\box56
\beforetitleunit=\skip55
\aftertitleunit=\skip56
\ttl@plus=\dimen170
\ttl@minus=\dimen171
\ttl@toksa=\toks28
\titlewidth=\dimen172
\titlewidthlast=\dimen173
\titlewidthfirst=\dimen174
)
(c:/texlive/2025/texmf-dist/tex/latex/tools/indentfirst.sty
Package: indentfirst 2023/07/02 v1.03 Indent first paragraph (DPC)
)
(c:/texlive/2025/texmf-dist/tex/latex/listings/listings.sty
\lst@mode=\count302
\lst@gtempboxa=\box57
\lst@token=\toks29
\lst@length=\count303
\lst@currlwidth=\dimen175
\lst@column=\count304
\lst@pos=\count305
\lst@lostspace=\dimen176
\lst@width=\dimen177
\lst@newlines=\count306
\lst@lineno=\count307
\lst@maxwidth=\dimen178

(c:/texlive/2025/texmf-dist/tex/latex/listings/lstpatch.sty
File: lstpatch.sty 2024/09/23 1.10c (Carsten Heinz)
)
(c:/texlive/2025/texmf-dist/tex/latex/listings/lstmisc.sty
File: lstmisc.sty 2024/09/23 1.10c (Carsten Heinz)
\c@lstnumber=\count308
\lst@skipnumbers=\count309
\lst@framebox=\box58
)
(c:/texlive/2025/texmf-dist/tex/latex/listings/listings.cfg
File: listings.cfg 2024/09/23 1.10c listings configuration
))
Package: listings 2024/09/23 1.10c (Carsten Heinz)

(c:/texlive/2025/texmf-dist/tex/latex/fancyhdr/fancyhdr.sty
Package: fancyhdr 2025/02/07 v5.2 Extensive control of page headers and footers

\f@nch@headwidth=\skip57
\f@nch@offset@elh=\skip58
\f@nch@offset@erh=\skip59
\f@nch@offset@olh=\skip60
\f@nch@offset@orh=\skip61
\f@nch@offset@elf=\skip62
\f@nch@offset@erf=\skip63
\f@nch@offset@olf=\skip64
\f@nch@offset@orf=\skip65
\f@nch@height=\skip66
\f@nch@footalignment=\skip67
\f@nch@widthL=\skip68
\f@nch@widthC=\skip69
\f@nch@widthR=\skip70
\@temptokenb=\toks30
)
LaTeX Font Info:    Trying to load font information for OT1+ptm on input line 3
8.

(c:/texlive/2025/texmf-dist/tex/latex/psnfss/ot1ptm.fd
File: ot1ptm.fd 2001/06/04 font definitions for OT1/ptm.
)
(c:/texlive/2025/texmf-dist/tex/latex/l3backend/l3backend-pdftex.def
File: l3backend-pdftex.def 2025-04-14 L3 backend support: PDF output (pdfTeX)
\l__color_backend_stack_int=\count310
)
(./main2.aux
Package babel Info: 'portuguese' activates 'portuges' shorthands.
(babel)             Reported  on input line 5.


LaTeX Warning: Label `fig:placeholder' multiply defined.

)
\openout1 = `main2.aux'.

LaTeX Font Info:    Checking defaults for OML/cmm/m/it on input line 83.
LaTeX Font Info:    ... okay on input line 83.
LaTeX Font Info:    Checking defaults for OMS/cmsy/m/n on input line 83.
LaTeX Font Info:    ... okay on input line 83.
LaTeX Font Info:    Checking defaults for OT1/cmr/m/n on input line 83.
LaTeX Font Info:    ... okay on input line 83.
LaTeX Font Info:    Checking defaults for T1/cmr/m/n on input line 83.
LaTeX Font Info:    ... okay on input line 83.
LaTeX Font Info:    Checking defaults for TS1/cmr/m/n on input line 83.
LaTeX Font Info:    ... okay on input line 83.
LaTeX Font Info:    Checking defaults for OMX/cmex/m/n on input line 83.
LaTeX Font Info:    ... okay on input line 83.
LaTeX Font Info:    Checking defaults for U/cmr/m/n on input line 83.
LaTeX Font Info:    ... okay on input line 83.

*geometry* driver: auto-detecting
*geometry* detected driver: pdftex
*geometry* verbose mode - [ preamble ] result:
* driver: pdftex
* paper: a4paper
* layout: <same size as paper>
* layoutoffset:(h,v)=(0.0pt,0.0pt)
* modes: includefoot 
* h-part:(L,W,R)=(85.35826pt, 455.24411pt, 56.9055pt)
* v-part:(T,H,B)=(85.35826pt, 702.78308pt, 56.9055pt)
* \paperwidth=597.50787pt
* \paperheight=845.04684pt
* \textwidth=455.24411pt
* \textheight=672.78308pt
* \oddsidemargin=13.08827pt
* \evensidemargin=13.08827pt
* \topmargin=-23.91173pt
* \headheight=12.0pt
* \headsep=25.0pt
* \topskip=12.0pt
* \footskip=30.0pt
* \marginparwidth=35.0pt
* \marginparsep=10.0pt
* \columnsep=10.0pt
* \skip\footins=10.8pt plus 4.0pt minus 2.0pt
* \hoffset=0.0pt
* \voffset=0.0pt
* \mag=1000
* \@twocolumnfalse
* \@twosidefalse
* \@mparswitchfalse
* \@reversemarginfalse
* (1in=72.27pt=25.4mm, 1cm=28.453pt)

(c:/texlive/2025/texmf-dist/tex/context/base/mkii/supp-pdf.mkii
[Loading MPS to PDF converter (version 2006.09.02).]
\scratchcounter=\count311
\scratchdimen=\dimen179
\scratchbox=\box59
\nofMPsegments=\count312
\nofMParguments=\count313
\everyMPshowfont=\toks31
\MPscratchCnt=\count314
\MPscratchDim=\dimen180
\MPnumerator=\count315
\makeMPintoPDFobject=\count316
\everyMPtoPDFconversion=\toks32
) (c:/texlive/2025/texmf-dist/tex/latex/epstopdf-pkg/epstopdf-base.sty
Package: epstopdf-base 2020-01-24 v2.11 Base part for package epstopdf
Package epstopdf-base Info: Redefining graphics rule for `.eps' on input line 4
85.

(c:/texlive/2025/texmf-dist/tex/latex/latexconfig/epstopdf-sys.cfg
File: epstopdf-sys.cfg 2010/07/13 v1.3 Configuration of (r)epstopdf for TeX Liv
e
))
\c@lstlisting=\count317
<./images/ufc.png, id=1, 124.96687pt x 152.82094pt>
File: ./images/ufc.png Graphic file (type png)
<use ./images/ufc.png>
Package pdftex.def Info: ./images/ufc.png  used on input line 92.
(pdftex.def)             Requested size: 56.23457pt x 68.76877pt.
LaTeX Font Info:    Trying to load font information for TS1+ptm on input line 1
10.

(c:/texlive/2025/texmf-dist/tex/latex/psnfss/ts1ptm.fd
File: ts1ptm.fd 2001/06/04 font definitions for TS1/ptm.
)

[1


{c:/texlive/2025/texmf-var/fonts/map/pdftex/updmap/pdftex.map}{c:/texlive/2025/
texmf-dist/fonts/enc/dvips/base/8r.enc} <./images/ufc.png>]
LaTeX Font Info:    Trying to load font information for OT1+ztmcm on input line
 122.

(c:/texlive/2025/texmf-dist/tex/latex/psnfss/ot1ztmcm.fd
File: ot1ztmcm.fd 2000/01/03 Fontinst v1.801 font definitions for OT1/ztmcm.
)
LaTeX Font Info:    Trying to load font information for OML+ztmcm on input line
 122.

(c:/texlive/2025/texmf-dist/tex/latex/psnfss/omlztmcm.fd
File: omlztmcm.fd 2000/01/03 Fontinst v1.801 font definitions for OML/ztmcm.
)
LaTeX Font Info:    Trying to load font information for OMS+ztmcm on input line
 122.

(c:/texlive/2025/texmf-dist/tex/latex/psnfss/omsztmcm.fd
File: omsztmcm.fd 2000/01/03 Fontinst v1.801 font definitions for OMS/ztmcm.
)
LaTeX Font Info:    Trying to load font information for OMX+ztmcm on input line
 122.

(c:/texlive/2025/texmf-dist/tex/latex/psnfss/omxztmcm.fd
File: omxztmcm.fd 2000/01/03 Fontinst v1.801 font definitions for OMX/ztmcm.
)
LaTeX Font Info:    Font shape `OT1/ptm/bx/n' in size <12> not available
(Font)              Font shape `OT1/ptm/b/n' tried instead on input line 122.
LaTeX Font Info:    Font shape `OT1/ptm/bx/n' in size <9> not available
(Font)              Font shape `OT1/ptm/b/n' tried instead on input line 122.
LaTeX Font Info:    Font shape `OT1/ptm/bx/n' in size <7> not available
(Font)              Font shape `OT1/ptm/b/n' tried instead on input line 122.
<./images/itema.pdf, id=10, 722.6744pt x 433.03671pt>
File: ./images/itema.pdf Graphic file (type pdf)
<use ./images/itema.pdf>
Package pdftex.def Info: ./images/itema.pdf  used on input line 130.
(pdftex.def)             Requested size: 409.71692pt x 245.51196pt.
<./images/itemb.pdf, id=11, 722.6744pt x 433.03671pt>
File: ./images/itemb.pdf Graphic file (type pdf)
<use ./images/itemb.pdf>
Package pdftex.def Info: ./images/itemb.pdf  used on input line 139.
(pdftex.def)             Requested size: 409.71692pt x 245.51196pt.


LaTeX Warning: `!h' float specifier changed to `!ht'.



[2 <./images/itema.pdf>]
Overfull \hbox (63.16116pt too wide) in paragraph at lines 156--158
[][][][][][][][][][][][][][][][][][][][][][][][][][] 
 []



[3 <./images/itemb.pdf>]
LaTeX Font Info:    Trying to load font information for OMS+ptm on input line 1
77.
 (c:/texlive/2025/texmf-dist/tex/latex/psnfss/omsptm.fd
File: omsptm.fd 
)
LaTeX Font Info:    Font shape `OMS/ptm/m/n' in size <12> not available
(Font)              Font shape `OMS/cmsy/m/n' tried instead on input line 177.

Overfull \hbox (113.56168pt too wide) in paragraph at lines 195--196
[][][][][][][][][][][][][][][][][][][][][][][][][][][][][][][][] 
 []



[4]
Overfull \hbox (77.56131pt too wide) in paragraph at lines 200--201
[][][][][][][][][][][][][][][][][][][] 
 []


Overfull \hbox (55.96109pt too wide) in paragraph at lines 208--209
[][][][][][][][][][][][][][][][][][][][][][][][][][] 
 []

LaTeX Font Info:    Trying to load font information for OML+ptm on input line 2
26.
(c:/texlive/2025/texmf-dist/tex/latex/psnfss/omlptm.fd
File: omlptm.fd 
)
LaTeX Font Info:    Font shape `OML/ptm/m/n' in size <12> not available
(Font)              Font shape `OML/cmm/m/it' tried instead on input line 226.


[5]
Overfull \hbox (48.76102pt too wide) in paragraph at lines 250--251
[][][][][][][][][][][][][][][][][][][][][][][][][] 
 []


Overfull \hbox (48.76102pt too wide) in paragraph at lines 251--253
[][][][][][][][][][][][][][][][][][][][][][][][][] 
 []


Overfull \hbox (106.3616pt too wide) in paragraph at lines 254--255
[][][][][][][][][][][][][][][][][][][][][][][][][][][][][][][] 
 []


Overfull \hbox (106.3616pt too wide) in paragraph at lines 255--256
[][][][][][][][][][][][][][][][][][][][][][][][][][][][][][][] 
 []


Overfull \hbox (91.96146pt too wide) in paragraph at lines 258--259
[][][][][][][][][][][][][][][][][][][][][] 
 []



[6]

[7]
<images/comparativo_operacoes.pdf, id=141, 987.20822pt x 479.15009pt>
File: images/comparativo_operacoes.pdf Graphic file (type pdf)
<use images/comparativo_operacoes.pdf>
Package pdftex.def Info: images/comparativo_operacoes.pdf  used on input line 3
26.
(pdftex.def)             Requested size: 409.71692pt x 198.8582pt.

Overfull \hbox (12.76065pt too wide) in paragraph at lines 340--341
[][][][][][][][][][][][][][][][] 
 []



[8 <./images/comparativo_operacoes.pdf>]
Overfull \hbox (19.96072pt too wide) in paragraph at lines 349--350
[][][][][][][][][][][][][][][][] 
 []


Overfull \hbox (243.163pt too wide) in paragraph at lines 366--368
[][][][][][][][][][][][][][][][][][][][][][][][][][][][][][][][] 
 []



[9]
Overfull \hbox (34.36087pt too wide) in paragraph at lines 379--380
[][][][][][][][][][][][][][][][][][][][][][] 
 []


Overfull \hbox (34.36087pt too wide) in paragraph at lines 388--389
[][][][][][][][][][][][][][][][][][][][][][][][][][][][][][][][][][][][][] 
 []


Overfull \hbox (34.36087pt too wide) in paragraph at lines 389--391
[][][][][][][][][][][][][][][][][][][][][][][][][][][][][][][][][][][][][] 
 []



[10]
Overfull \hbox (19.96072pt too wide) in paragraph at lines 404--405
[][][][][][][][][][][][][][][][][][][][][][][][][][] 
 []


Overfull \hbox (5.56058pt too wide) in paragraph at lines 411--412
[][][][][][][][][][][][][][][][][][][][][][][] 
 []


Overfull \hbox (48.76102pt too wide) in paragraph at lines 423--424
[][][][][][][][][][][][][][][][][] 
 []


Overfull \hbox (12.76065pt too wide) in paragraph at lines 424--425
[][][][][][][][][][][][][][][][][] 
 []


Overfull \hbox (55.96109pt too wide) in paragraph at lines 432--433
[][][][][][][][][][][][][][][][][] 
 []



[11]
Overfull \hbox (63.16116pt too wide) in paragraph at lines 442--443
[][][][][][][][][][][][][][][][][] 
 []

<images/3met_r2.pdf, id=199, 987.20822pt x 479.15009pt>
File: images/3met_r2.pdf Graphic file (type pdf)
<use images/3met_r2.pdf>
Package pdftex.def Info: images/3met_r2.pdf  used on input line 468.
(pdftex.def)             Requested size: 455.24411pt x 220.96005pt.

LaTeX Warning: `!h' float specifier changed to `!ht'.

<images/3met_r4.pdf, id=200, 987.20822pt x 479.15009pt>
File: images/3met_r4.pdf Graphic file (type pdf)
<use images/3met_r4.pdf>
Package pdftex.def Info: images/3met_r4.pdf  used on input line 475.
(pdftex.def)             Requested size: 455.24411pt x 220.96005pt.


[12]
Overfull \hbox (27.1608pt too wide) in paragraph at lines 492--493
[][][][][][][][][][][][][][][][][][][][][][][][][][][] 
 []


Overfull \hbox (48.76102pt too wide) in paragraph at lines 498--499
[][][][][][][][][][][][][][][][][][][][][][] 
 []



[13 <./images/3met_r2.pdf>]
Overfull \hbox (48.76102pt too wide) in paragraph at lines 508--509
[][][][][][][][][][][][][][][][][][][][][][][][][][][][][][][][][][][][][] 
 []



[14 <./images/3met_r4.pdf>]
Overfull \hbox (41.56094pt too wide) in paragraph at lines 536--537
[][][][][][][][][][][][][][][][][][][][][][][][] 
 []


Overfull \hbox (99.16153pt too wide) in paragraph at lines 542--543
[][][][][][][][][][][][][][][][][][][][][][][][][][][] 
 []


Overfull \hbox (41.56094pt too wide) in paragraph at lines 547--548
[][][][][][][][][][][][][][][][][][][][][] 
 []



[15]
<images/chained.pdf, id=320, 722.7pt x 433.62pt>
File: images/chained.pdf Graphic file (type pdf)
<use images/chained.pdf>
Package pdftex.def Info: images/chained.pdf  used on input line 560.
(pdftex.def)             Requested size: 455.24411pt x 273.14896pt.


! LaTeX Error: Invalid UTF-8 byte sequence (√\expandafter).

See the LaTeX manual or LaTeX Companion for explanation.
Type  H <return>  for immediate help.
 ...                                              
                                                  
l.573 ...rror("Matrizes devem ter o mesmo n√∫mero 
                                                  de colunas.")
The document does not appear to be in UTF-8 encoding.
Try adding \UseRawInputEncoding as the first line of the file
or specify an encoding such as \usepackage [latin1]{inputenc}
in the document preamble.
Alternatively, save the file in UTF-8 using your editor or another tool


! LaTeX Error: Invalid UTF-8 byte "BA.

See the LaTeX manual or LaTeX Companion for explanation.
Type  H <return>  for immediate help.
 ...                                              
                                                  
l.573 ...rror("Matrizes devem ter o mesmo n√∫mero 
                                                  de colunas.")
The document does not appear to be in UTF-8 encoding.
Try adding \UseRawInputEncoding as the first line of the file
or specify an encoding such as \usepackage [latin1]{inputenc}
in the document preamble.
Alternatively, save the file in UTF-8 using your editor or another tool


Overfull \hbox (135.1619pt too wide) in paragraph at lines 573--575
[][][][][][][][][][][][][][][][][][][][][][][] 
 []



[16 <./images/chained.pdf>]
Overfull \hbox (27.1608pt too wide) in paragraph at lines 575--576
[][][][][][][][][][][][][][][][][][][][][][][][][][][] 
 []


! LaTeX Error: Invalid UTF-8 byte sequence (√\expandafter).

See the LaTeX manual or LaTeX Companion for explanation.
Type  H <return>  for immediate help.
 ...                                              
                                                  
l.581 ...m retirados devido ao tempo de execu√ß√£o
                                                  
The document does not appear to be in UTF-8 encoding.
Try adding \UseRawInputEncoding as the first line of the file
or specify an encoding such as \usepackage [latin1]{inputenc}
in the document preamble.
Alternatively, save the file in UTF-8 using your editor or another tool


! LaTeX Error: Invalid UTF-8 byte "A7.

See the LaTeX manual or LaTeX Companion for explanation.
Type  H <return>  for immediate help.
 ...                                              
                                                  
l.581 ...m retirados devido ao tempo de execu√ß√£o
                                                  
The document does not appear to be in UTF-8 encoding.
Try adding \UseRawInputEncoding as the first line of the file
or specify an encoding such as \usepackage [latin1]{inputenc}
in the document preamble.
Alternatively, save the file in UTF-8 using your editor or another tool


! LaTeX Error: Invalid UTF-8 byte sequence (√\expandafter).

See the LaTeX manual or LaTeX Companion for explanation.
Type  H <return>  for immediate help.
 ...                                              
                                                  
l.581 ...m retirados devido ao tempo de execu√ß√£o
                                                  
The document does not appear to be in UTF-8 encoding.
Try adding \UseRawInputEncoding as the first line of the file
or specify an encoding such as \usepackage [latin1]{inputenc}
in the document preamble.
Alternatively, save the file in UTF-8 using your editor or another tool


! LaTeX Error: Invalid UTF-8 byte "A3.

See the LaTeX manual or LaTeX Companion for explanation.
Type  H <return>  for immediate help.
 ...                                              
                                                  
l.581 ...m retirados devido ao tempo de execu√ß√£o
                                                  
The document does not appear to be in UTF-8 encoding.
Try adding \UseRawInputEncoding as the first line of the file
or specify an encoding such as \usepackage [latin1]{inputenc}
in the document preamble.
Alternatively, save the file in UTF-8 using your editor or another tool


Overfull \hbox (300.76358pt too wide) in paragraph at lines 581--582
[][][][][][][][][][][][][][][][][][][][][][][][][][][][][][][][][][][][][][] 
 []


Overfull \hbox (48.76102pt too wide) in paragraph at lines 591--592
[][][][][][][][][][][][][][][][][][][][][][][][][][][][][][][][][][][][][] 
 []



[17]
Overfull \hbox (41.56094pt too wide) in paragraph at lines 619--620
[][][][][][][][][][][][][][][][][][][][][][][][] 
 []


Overfull \hbox (99.16153pt too wide) in paragraph at lines 625--626
[][][][][][][][][][][][][][][][][][][][][][][][][][][] 
 []


Overfull \hbox (185.56241pt too wide) in paragraph at lines 626--627
[][][][][][][][][][][][][][][][][][][][][][][][][][][][][][][][][][][][][][] 
 []


Overfull \hbox (149.56204pt too wide) in paragraph at lines 627--628
[][][][][][][][][][][][][][][][][][][][][][][][][] 
 []


! LaTeX Error: Invalid UTF-8 byte sequence (√\expandafter).

See the LaTeX manual or LaTeX Companion for explanation.
Type  H <return>  for immediate help.
 ...                                              
                                                  
l.628 ....title('Comparativos entre os 3 m√©todos 
                                                  para R=4')
The document does not appear to be in UTF-8 encoding.
Try adding \UseRawInputEncoding as the first line of the file
or specify an encoding such as \usepackage [latin1]{inputenc}
in the document preamble.
Alternatively, save the file in UTF-8 using your editor or another tool


! LaTeX Error: Invalid UTF-8 byte "A9.

See the LaTeX manual or LaTeX Companion for explanation.
Type  H <return>  for immediate help.
 ...                                              
                                                  
l.628 ....title('Comparativos entre os 3 m√©todos 
                                                  para R=4')
The document does not appear to be in UTF-8 encoding.
Try adding \UseRawInputEncoding as the first line of the file
or specify an encoding such as \usepackage [latin1]{inputenc}
in the document preamble.
Alternatively, save the file in UTF-8 using your editor or another tool


Overfull \hbox (48.76102pt too wide) in paragraph at lines 628--629
[][][][][][][][][][][][][][][][][][][][][] 
 []



[18]
Overfull \hbox (70.36124pt too wide) in paragraph at lines 657--658
[][][][][][][][][][][][][][][][][][][][][][][][] 
 []


Overfull \hbox (135.1619pt too wide) in paragraph at lines 660--661
[][][][][][][][][][][][][][][][][][][][][][][][][][][] 
 []


Overfull \hbox (19.96072pt too wide) in paragraph at lines 662--663
[][][][][][][][][][][][][][][][][][][] 
 []



[19]

[20] (./main2.aux)
 ***********
LaTeX2e <2025-06-01> patch level 1
L3 programming layer <2025-05-26>
 ***********


LaTeX Warning: There were multiply-defined labels.

 ) 
Here is how much of TeX's memory you used:
 6610 strings out of 467886
 102862 string characters out of 5438218
 560899 words of memory out of 5000000
 35090 multiletter control sequences out of 15000+600000
 643748 words of font info for 75 fonts, out of 8000000 for 9000
 1141 hyphenation exceptions out of 8191
 57i,12n,65p,374b,1721s stack positions out of 10000i,1000n,20000p,200000b,200000s
<c:/texlive/2025/texmf-dist/fonts/type1/public/amsfonts/cm/cmmi10.pfb><c:/tex
live/2025/texmf-dist/fonts/type1/public/amsfonts/cm/cmmi12.pfb><c:/texlive/2025
/texmf-dist/fonts/type1/public/amsfonts/cm/cmr10.pfb><c:/texlive/2025/texmf-dis
t/fonts/type1/public/amsfonts/cm/cmsy10.pfb><c:/texlive/2025/texmf-dist/fonts/t
ype1/urw/symbol/usyr.pfb><c:/texlive/2025/texmf-dist/fonts/type1/urw/times/utmb
8a.pfb><c:/texlive/2025/texmf-dist/fonts/type1/urw/times/utmr8a.pfb><c:/texlive
/2025/texmf-dist/fonts/type1/urw/times/utmri8a.pfb>
Output written on main2.pdf (20 pages, 234377 bytes).
PDF statistics:
 418 PDF objects out of 1000 (max. 8388607)
 110 compressed objects within 2 object streams
 0 named destinations out of 1000 (max. 500000)
 36 words of extra memory for PDF output out of 10000 (max. 10000000)

